Determining if the memalign exist failed with the following output:
Change Dir: /Users/hondashun/Documents/workspace/peg4d-java/vm/build/CMakeFiles/CMakeTmp

Run Build Command:"/usr/bin/make" "cmTryCompileExec1579063307/fast"
/Applications/Xcode.app/Contents/Developer/usr/bin/make -f CMakeFiles/cmTryCompileExec1579063307.dir/build.make CMakeFiles/cmTryCompileExec1579063307.dir/build
/usr/local/Cellar/cmake/3.0.2/bin/cmake -E cmake_progress_report /Users/hondashun/Documents/workspace/peg4d-java/vm/build/CMakeFiles/CMakeTmp/CMakeFiles 1
Building C object CMakeFiles/cmTryCompileExec1579063307.dir/CheckSymbolExists.c.o
/usr/bin/cc    -o CMakeFiles/cmTryCompileExec1579063307.dir/CheckSymbolExists.c.o   -c /Users/hondashun/Documents/workspace/peg4d-java/vm/build/CMakeFiles/CMakeTmp/CheckSymbolExists.c
/Users/hondashun/Documents/workspace/peg4d-java/vm/build/CMakeFiles/CMakeTmp/CheckSymbolExists.c:14:19: error: use of undeclared identifier 'memalign'
  return ((int*)(&memalign))[argc];
                  ^
1 error generated.
make[1]: *** [CMakeFiles/cmTryCompileExec1579063307.dir/CheckSymbolExists.c.o] Error 1
make: *** [cmTryCompileExec1579063307/fast] Error 2

File /Users/hondashun/Documents/workspace/peg4d-java/vm/build/CMakeFiles/CMakeTmp/CheckSymbolExists.c:
/* */
#include <stdio.h>
#include <stdlib.h>
#include <string.h>
#include <ctype.h>
#include <sys/mman.h>
#include <unistd.h>
#include <mach-o/dyld.h>

int main(int argc, char** argv)
{
  (void)argv;
#ifndef memalign
  return ((int*)(&memalign))[argc];
#else
  (void)argc;
  return 0;
#endif
}

Determining if the __builtin_ctzl exist failed with the following output:
Change Dir: /Users/hondashun/Documents/workspace/peg4d-java/vm/build/CMakeFiles/CMakeTmp

Run Build Command:"/usr/bin/make" "cmTryCompileExec1390396877/fast"
/Applications/Xcode.app/Contents/Developer/usr/bin/make -f CMakeFiles/cmTryCompileExec1390396877.dir/build.make CMakeFiles/cmTryCompileExec1390396877.dir/build
/usr/local/Cellar/cmake/3.0.2/bin/cmake -E cmake_progress_report /Users/hondashun/Documents/workspace/peg4d-java/vm/build/CMakeFiles/CMakeTmp/CMakeFiles 1
Building C object CMakeFiles/cmTryCompileExec1390396877.dir/CheckSymbolExists.c.o
/usr/bin/cc    -o CMakeFiles/cmTryCompileExec1390396877.dir/CheckSymbolExists.c.o   -c /Users/hondashun/Documents/workspace/peg4d-java/vm/build/CMakeFiles/CMakeTmp/CheckSymbolExists.c
/Users/hondashun/Documents/workspace/peg4d-java/vm/build/CMakeFiles/CMakeTmp/CheckSymbolExists.c:14:19: error: builtin functions must be directly called
  return ((int*)(&__builtin_ctzl))[argc];
                  ^
1 error generated.
make[1]: *** [CMakeFiles/cmTryCompileExec1390396877.dir/CheckSymbolExists.c.o] Error 1
make: *** [cmTryCompileExec1390396877/fast] Error 2

File /Users/hondashun/Documents/workspace/peg4d-java/vm/build/CMakeFiles/CMakeTmp/CheckSymbolExists.c:
/* */
#include <stdio.h>
#include <stdlib.h>
#include <string.h>
#include <ctype.h>
#include <sys/mman.h>
#include <unistd.h>
#include <mach-o/dyld.h>

int main(int argc, char** argv)
{
  (void)argv;
#ifndef __builtin_ctzl
  return ((int*)(&__builtin_ctzl))[argc];
#else
  (void)argc;
  return 0;
#endif
}

